[2019-12-02T10:42:37.323] [INFO] default - --------------------------- 开始编译 ---------------------------
[2019-12-02T10:42:37.326] [INFO] default - 程序运行目录: D:\work\中国之治
[2019-12-02T10:42:37.326] [INFO] default - 首次启动!
[2019-12-02T10:42:37.326] [INFO] default - 生成版本号: aisqbonz7fr
[2019-12-02T10:42:37.337] [INFO] default - 清理资源文件夹: D:\work\中国之治\dist\static
[2019-12-02T10:42:37.337] [INFO] default - 文件夹不存在: D:\work\中国之治\dist\static
[2019-12-02T10:42:37.337] [INFO] default - 创建文件夹: D:\work\中国之治\dist\static
[2019-12-02T10:42:37.338] [INFO] default - 读取模板文件: C:\Users\PG\Documents\GitHub\PG\lib\index.html
[2019-12-02T10:42:37.338] [DEBUG] default - 读取网页标题: {TAG_14226_TAG}
[2019-12-02T10:42:37.338] [DEBUG] default - 处理页面源信息: [{"http-equiv":"content-type","content":"text/html; charset=UTF-8"},{"name":"viewport","content":"width=device-width, initial-scale=1.0, maximum-scale=1.0, minimum-scale=1.0, user-scalable=no"},{"name":"format-detection","content":"telephone=no, email=no"},{"name":"apple-mobile-web-app-capable","content":"yes"},{"name":"apple-mobile-web-app-status-bar-style","content":"white"},{"name":"renderer","content":"webkit"},{"http-equiv":"X-UA-Compatible","content":"IE=edge,chrome=1"},{"name":"filetype","content":"1"},{"name":"publishedtype","content":"1"},{"name":"pagetype","content":"2"},{"name":"screen-orientation","content":"landscape"},{"name":"x5-orientation","content":"landscape"},{"name":"full-screen","content":"yes"},{"name":"x5-fullscreen","content":"true"},{"name":"browsermode","content":"application"},{"name":"x5-page-mode","content":"app"}]
[2019-12-02T10:42:37.339] [INFO] default - 开始处理模块: one
[2019-12-02T10:42:37.692] [DEBUG] default - 缓存模板: one./src/page/one.owo
[2019-12-02T10:42:37.738] [DEBUG] default - 发现 keyframes 规则: fade
[2019-12-02T10:42:37.738] [DEBUG] default - 页面one处理用时: 400 毫秒!
[2019-12-02T10:42:37.738] [INFO] default - 开始处理模块: two
[2019-12-02T10:42:37.757] [INFO] default - 开始处理模块: swiper
[2019-12-02T10:42:37.766] [DEBUG] default - 缓存模板: swiper./src/module/70-swiper.owo
[2019-12-02T10:42:37.783] [DEBUG] default - 模块swiper处理用时: 26 毫秒!
[2019-12-02T10:42:37.784] [DEBUG] default - 缓存模板: two./src/page/two.owo
[2019-12-02T10:42:37.788] [DEBUG] default - 页面two处理用时: 50 毫秒!
[2019-12-02T10:42:37.788] [INFO] default - 开始处理模块: three
[2019-12-02T10:42:37.795] [DEBUG] default - 缓存模板: three./src/page/three.owo
[2019-12-02T10:42:37.797] [DEBUG] default - 页面three处理用时: 9 毫秒!
[2019-12-02T10:42:37.797] [INFO] default - 开始处理模块: four
[2019-12-02T10:42:37.811] [DEBUG] default - 缓存模板: four./src/page/four.owo
[2019-12-02T10:42:37.814] [DEBUG] default - 页面four处理用时: 17 毫秒!
[2019-12-02T10:42:37.814] [INFO] default - 开始处理模块: five
[2019-12-02T10:42:37.830] [DEBUG] default - 缓存模板: five./src/page/five.owo
[2019-12-02T10:42:37.834] [DEBUG] default - 页面five处理用时: 20 毫秒!
[2019-12-02T10:42:37.835] [INFO] default - 文件夹不存在: D:/work/中国之治/dist/static/resource
[2019-12-02T10:42:37.835] [INFO] default - 创建文件夹: D:/work/中国之治/dist/static/resource
[2019-12-02T10:42:37.836] [DEBUG] default - 处理资源:  [ 'D:/work/中国之治/src/resource/one-4-5.png',
  'D:/work/中国之治/src/resource/two-3-9.png',
  'D:/work/中国之治/src/resource/three-2-3.png',
  'D:/work/中国之治/src/resource/four.png',
  'D:/work/中国之治/src/resource/five-0-3.png' ]
[2019-12-02T10:42:37.837] [DEBUG] default - 资源目录:  D:/work/中国之治/dist/static/resource
[2019-12-02T10:42:37.839] [DEBUG] default - css中的资源处理完毕!
[2019-12-02T10:42:38.338] [DEBUG] default - 使用postcss处理样式，使用了1个插件!
[2019-12-02T10:42:38.406] [INFO] default - 文件夹不存在: D:\work\中国之治\dist\static\css
[2019-12-02T10:42:38.406] [INFO] default - 创建文件夹: D:\work\中国之治\dist\static\css
[2019-12-02T10:42:38.407] [INFO] default - 开始处理附属css中的资源
[2019-12-02T10:42:38.407] [INFO] default - 附属css中的资源处理完毕!
[2019-12-02T10:42:38.407] [INFO] default - 读取文件: D:\work\中国之治\src\resource\swiper.4.5.0.min.css
[2019-12-02T10:42:38.407] [INFO] default - 附属css中的资源不需要处理!
[2019-12-02T10:42:38.407] [INFO] default - 处理字体: {}
[2019-12-02T10:42:38.413] [INFO] default - 使用postcss处理完毕! 用时: 75 毫秒
[2019-12-02T10:42:38.414] [INFO] default - 正在处理script!
[2019-12-02T10:42:39.057] [INFO] default - 工程中包含多个页面!
[2019-12-02T10:42:39.058] [INFO] default - js中的资源处理完毕!
[2019-12-02T10:42:39.058] [DEBUG] default - 处理引用脚本: [{"name":"jquery1.11.0","src":"http://tools.people.com.cn/libs/jquery/1.11.1/jquery-1.11.1.min.js"},{"name":"swiper.4.5.0","src":"./src/resource/swiper.4.5.0.min.js"},{"name":"main","src":"./src/main.js","resource":true}]
[2019-12-02T10:42:39.059] [DEBUG] default - 外部脚本数量: 3
[2019-12-02T10:42:39.059] [DEBUG] default - 处理脚本: jquery1.11.0
[2019-12-02T10:42:39.059] [DEBUG] default - 网络脚本: jquery1.11.0
[2019-12-02T10:42:39.059] [DEBUG] default - 处理脚本: swiper.4.5.0
[2019-12-02T10:42:39.059] [INFO] default - 读取文件: D:\work\中国之治\src\resource\swiper.4.5.0.min.js
[2019-12-02T10:42:39.059] [DEBUG] default - 处理脚本: main
[2019-12-02T10:42:39.059] [INFO] default - 读取文件: D:\work\中国之治\src\main.js
[2019-12-02T10:42:39.059] [DEBUG] default - 输出scriptData
[2019-12-02T10:42:39.061] [DEBUG] default - 准备输出html!
[2019-12-02T10:42:39.062] [DEBUG] default - 忽略文件: D:/work/中国之治/src/resource/two-3-2.png
[2019-12-02T10:42:39.062] [DEBUG] default - 忽略文件: D:/work/中国之治/src/resource/two-3-7.png
[2019-12-02T10:42:39.062] [DEBUG] default - 忽略文件: D:/work/中国之治/src/resource/two-3-6.png
[2019-12-02T10:42:39.062] [DEBUG] default - 忽略文件: D:/work/中国之治/src/resource/two-3-2.png
[2019-12-02T10:42:39.063] [DEBUG] default - 忽略文件: D:/work/中国之治/src/resource/two-3-7.png
[2019-12-02T10:42:39.063] [DEBUG] default - 忽略文件: D:/work/中国之治/src/resource/two-3-6.png
[2019-12-02T10:42:39.063] [DEBUG] default - 忽略文件: D:/work/中国之治/src/resource/two-3-2.png
[2019-12-02T10:42:39.063] [DEBUG] default - 忽略文件: D:/work/中国之治/src/resource/two-3-1.png
[2019-12-02T10:42:39.063] [DEBUG] default - 忽略文件: D:/work/中国之治/src/resource/two-3-0.png
[2019-12-02T10:42:39.063] [DEBUG] default - 处理资源:  [ 'D:/work/中国之治/src/resource/one-4-2.png',
  'D:/work/中国之治/src/resource/one-4-0.png',
  'D:/work/中国之治/src/resource/one-4-4.png',
  'D:/work/中国之治/src/resource/one-4-1.png',
  'D:/work/中国之治/src/resource/one-4-3.png',
  'D:/work/中国之治/src/resource/two-3-2.png',
  'D:/work/中国之治/src/resource/two-3-8.png',
  'D:/work/中国之治/src/resource/two-3-7.png',
  'D:/work/中国之治/src/resource/two-3-6.png',
  'D:/work/中国之治/src/resource/two-3-1.png',
  'D:/work/中国之治/src/resource/two-3-0.png',
  'D:/work/中国之治/src/resource/five-0-0.png',
  'D:/work/中国之治/src/resource/five-0-2.png',
  'D:/work/中国之治/src/resource/five-0-1.png',
  'D:/work/中国之治/src/resource/share.png' ]
[2019-12-02T10:42:39.063] [DEBUG] default - 资源目录:  D:/work/中国之治/dist/static/resource
[2019-12-02T10:42:39.064] [DEBUG] default - 开始美化html
[2019-12-02T10:42:39.079] [INFO] default - 文件夹不存在: D:\work\中国之治\dist\static\js
[2019-12-02T10:42:39.080] [INFO] default - 创建文件夹: D:\work\中国之治\dist\static\js
[2019-12-02T10:42:39.080] [INFO] default - 包含有页面切换动画!
[2019-12-02T10:42:39.080] [INFO] default - 动画列表: moveToLeft,scaleUp,scaleDown,moveFromLeft,moveToRight
[2019-12-02T10:42:39.080] [INFO] default - 编译结束!
[2019-12-02T10:42:39.097] [INFO] default - 写入文件: D:\work\中国之治\dist\static\css\owo.main.aisqbonz7fr.css
[2019-12-02T10:42:39.098] [INFO] default - 主要逻辑文件写出成功!
[2019-12-02T10:42:39.098] [INFO] default - 读取成功: D:\work\中国之治\src\main.css
[2019-12-02T10:42:39.098] [DEBUG] default - 处理资源:  [ 'D:/work/中国之治/src/resource/h5-bg.jpg',
  'D:/work/中国之治/src/resource/pc-bg.jpg' ]
[2019-12-02T10:42:39.098] [DEBUG] default - 资源目录:  D:/work/中国之治/dist/static/resource
[2019-12-02T10:42:39.098] [INFO] default - 读取成功: D:\work\中国之治\src\main.js
[2019-12-02T10:42:39.099] [INFO] default - 读取成功: D:\work\中国之治\src\resource\swiper.4.5.0.min.css
[2019-12-02T10:42:39.162] [INFO] default - 写入文件: D:\work\中国之治\dist\static\css\main.css
[2019-12-02T10:42:39.162] [INFO] default - 写入文件: D:\work\中国之治\dist\static\js\main.js
[2019-12-02T10:42:39.171] [INFO] default - 写入文件: D:\work\中国之治\dist\static\css\swiper4.5.0.css
[2019-12-02T10:42:39.213] [INFO] default - 读取成功: D:\work\中国之治\src\resource\swiper.4.5.0.min.js
[2019-12-02T10:42:39.221] [INFO] default - 写入文件: D:\work\中国之治\dist\static\js\swiper.4.5.0.js
